#-----------------------------------------------------------
# Vivado v2018.3 (64-bit)
# SW Build 2405991 on Thu Dec  6 23:38:27 MST 2018
# IP Build 2404404 on Fri Dec  7 01:43:56 MST 2018
# Start of session at: Fri Mar 31 13:28:01 2023
# Process ID: 17060
# Current directory: D:/Lenix/HoughTransformFPGA/FPGA/BIPT
# Command line: vivado.exe -gui_launcher_event rodinguilauncherevent14156 D:\Lenix\HoughTransformFPGA\FPGA\BIPT\BIPT.xpr
# Log file: D:/Lenix/HoughTransformFPGA/FPGA/BIPT/vivado.log
# Journal file: D:/Lenix/HoughTransformFPGA/FPGA/BIPT\vivado.jou
#-----------------------------------------------------------
start_gui
open_project D:/Lenix/HoughTransformFPGA/FPGA/BIPT/BIPT.xpr
INFO: [Project 1-313] Project file moved from 'D:/xixi/Image-Processing-master/Image-Processing-master/BIPT' since last save.
Scanning sources...
Finished scanning sources
INFO: [IP_Flow 19-234] Refreshing IP repositories
INFO: [IP_Flow 19-1704] No user IP repositories specified
INFO: [IP_Flow 19-2313] Loaded Vivado IP repository 'D:/xixi/Vivado18/Vivado/2018.3/data/ip'.
open_project: Time (s): cpu = 00:00:13 ; elapsed = 00:00:05 . Memory (MB): peak = 766.758 ; gain = 149.918
update_compile_order -fileset sources_1
exit
INFO: [Common 17-206] Exiting Vivado at Fri Mar 31 13:31:37 2023...
