#-----------------------------------------------------------
# Vivado v2018.3 (64-bit)
# SW Build 2405991 on Thu Dec  6 23:38:27 MST 2018
# IP Build 2404404 on Fri Dec  7 01:43:56 MST 2018
# Start of session at: Fri Mar 31 13:47:36 2023
# Process ID: 21732
# Current directory: D:/xixi/Image-Processing-master/Image-Processing-master/Blurring
# Command line: vivado.exe -gui_launcher_event rodinguilauncherevent19340 D:\xixi\Image-Processing-master\Image-Processing-master\Blurring\Blurring.xpr
# Log file: D:/xixi/Image-Processing-master/Image-Processing-master/Blurring/vivado.log
# Journal file: D:/xixi/Image-Processing-master/Image-Processing-master/Blurring\vivado.jou
#-----------------------------------------------------------
start_gui
open_project D:/xixi/Image-Processing-master/Image-Processing-master/Blurring/Blurring.xpr
Scanning sources...
Finished scanning sources
INFO: [IP_Flow 19-234] Refreshing IP repositories
INFO: [IP_Flow 19-1704] No user IP repositories specified
INFO: [IP_Flow 19-2313] Loaded Vivado IP repository 'D:/xixi/Vivado18/Vivado/2018.3/data/ip'.
open_project: Time (s): cpu = 00:00:18 ; elapsed = 00:00:08 . Memory (MB): peak = 710.934 ; gain = 99.973
update_compile_order -fileset sources_1
launch_simulation
INFO: [Vivado 12-5682] Launching behavioral simulation in 'D:/xixi/Image-Processing-master/Image-Processing-master/Blurring/Blurring.sim/sim_1/behav/xsim'
INFO: [SIM-utils-51] Simulation object is 'sim_1'
INFO: [SIM-utils-54] Inspecting design source files for 'blur_tb' in fileset 'sim_1'...
INFO: [USF-XSim-97] Finding global include files...
INFO: [USF-XSim-98] Fetching design files from 'sim_1'...
INFO: [USF-XSim-2] XSim::Compile design
INFO: [USF-XSim-61] Executing 'COMPILE and ANALYZE' step in 'D:/xixi/Image-Processing-master/Image-Processing-master/Blurring/Blurring.sim/sim_1/behav/xsim'
"xvlog --incr --relax -prj blur_tb_vlog.prj"
INFO: [VRFC 10-2263] Analyzing Verilog file "D:/xixi/Image-Processing-master/Image-Processing-master/Blurring/Blurring.srcs/sources_1/new/blur.v" into library xil_defaultlib
INFO: [VRFC 10-311] analyzing module blur
INFO: [VRFC 10-2263] Analyzing Verilog file "D:/xixi/Image-Processing-master/Image-Processing-master/Blurring/Blurring.srcs/sim_1/new/blur_tb.v" into library xil_defaultlib
INFO: [VRFC 10-311] analyzing module blur_tb
INFO: [VRFC 10-2263] Analyzing Verilog file "D:/xixi/Image-Processing-master/Image-Processing-master/Blurring/Blurring.sim/sim_1/behav/xsim/glbl.v" into library xil_defaultlib
INFO: [VRFC 10-311] analyzing module glbl
INFO: [USF-XSim-69] 'compile' step finished in '1' seconds
INFO: [USF-XSim-3] XSim::Elaborate design
INFO: [USF-XSim-61] Executing 'ELABORATE' step in 'D:/xixi/Image-Processing-master/Image-Processing-master/Blurring/Blurring.sim/sim_1/behav/xsim'
Vivado Simulator 2018.3
Copyright 1986-1999, 2001-2018 Xilinx, Inc. All Rights Reserved.
Running: D:/xixi/Vivado18/Vivado/2018.3/bin/unwrapped/win64.o/xelab.exe -wto 358f5351828c47e09b9084c028b72019 --incr --debug typical --relax --mt 2 -L xil_defaultlib -L unisims_ver -L unimacro_ver -L secureip --snapshot blur_tb_behav xil_defaultlib.blur_tb xil_defaultlib.glbl -log elaborate.log 
Using 2 slave threads.
Starting static elaboration
Completed static elaboration
Starting simulation data flow analysis
Completed simulation data flow analysis
Time Resolution for simulation is 1ps
Compiling module xil_defaultlib.blur
Compiling module xil_defaultlib.blur_tb
WARNING: [XSIM 43-3373] "D:/xixi/Image-Processing-master/Image-Processing-master/Blurring/Blurring.srcs/sim_1/new/blur_tb.v" Line 90. System function $fread is used as system task. This system function should have a LHS e.g. x=$fread().
WARNING: [XSIM 43-3373] "D:/xixi/Image-Processing-master/Image-Processing-master/Blurring/Blurring.srcs/sim_1/new/blur_tb.v" Line 93. System function $fread is used as system task. This system function should have a LHS e.g. x=$fread().
WARNING: [XSIM 43-3373] "D:/xixi/Image-Processing-master/Image-Processing-master/Blurring/Blurring.srcs/sim_1/new/blur_tb.v" Line 96. System function $fread is used as system task. This system function should have a LHS e.g. x=$fread().
WARNING: [XSIM 43-3373] "D:/xixi/Image-Processing-master/Image-Processing-master/Blurring/Blurring.srcs/sim_1/new/blur_tb.v" Line 99. System function $fread is used as system task. This system function should have a LHS e.g. x=$fread().
WARNING: [XSIM 43-3373] "D:/xixi/Image-Processing-master/Image-Processing-master/Blurring/Blurring.srcs/sim_1/new/blur_tb.v" Line 102. System function $fread is used as system task. This system function should have a LHS e.g. x=$fread().
WARNING: [XSIM 43-3373] "D:/xixi/Image-Processing-master/Image-Processing-master/Blurring/Blurring.srcs/sim_1/new/blur_tb.v" Line 105. System function $fread is used as system task. This system function should have a LHS e.g. x=$fread().
WARNING: [XSIM 43-3373] "D:/xixi/Image-Processing-master/Image-Processing-master/Blurring/Blurring.srcs/sim_1/new/blur_tb.v" Line 108. System function $fread is used as system task. This system function should have a LHS e.g. x=$fread().
WARNING: [XSIM 43-3373] "D:/xixi/Image-Processing-master/Image-Processing-master/Blurring/Blurring.srcs/sim_1/new/blur_tb.v" Line 111. System function $fread is used as system task. This system function should have a LHS e.g. x=$fread().
WARNING: [XSIM 43-3373] "D:/xixi/Image-Processing-master/Image-Processing-master/Blurring/Blurring.srcs/sim_1/new/blur_tb.v" Line 114. System function $fread is used as system task. This system function should have a LHS e.g. x=$fread().
Compiling module xil_defaultlib.glbl
Built simulation snapshot blur_tb_behav

****** Webtalk v2018.3 (64-bit)
  **** SW Build 2405991 on Thu Dec  6 23:38:27 MST 2018
  **** IP Build 2404404 on Fri Dec  7 01:43:56 MST 2018
    ** Copyright 1986-2018 Xilinx, Inc. All Rights Reserved.

source D:/xixi/Image-Processing-master/Image-Processing-master/Blurring/Blurring.sim/sim_1/behav/xsim/xsim.dir/blur_tb_behav/webtalk/xsim_webtalk.tcl -notrace
INFO: [Common 17-206] Exiting Webtalk at Fri Mar 31 13:51:46 2023...
INFO: [USF-XSim-69] 'elaborate' step finished in '5' seconds
INFO: [USF-XSim-4] XSim::Simulate design
INFO: [USF-XSim-61] Executing 'SIMULATE' step in 'D:/xixi/Image-Processing-master/Image-Processing-master/Blurring/Blurring.sim/sim_1/behav/xsim'
INFO: [USF-XSim-98] *** Running xsim
   with args "blur_tb_behav -key {Behavioral:sim_1:Functional:blur_tb} -tclbatch {blur_tb.tcl} -log {simulate.log}"
INFO: [USF-XSim-8] Loading simulator feature
Vivado Simulator 2018.3
Time resolution is 1 ps
source blur_tb.tcl
# set curr_wave [current_wave_config]
# if { [string length $curr_wave] == 0 } {
#   if { [llength [get_objects]] > 0} {
#     add_wave /
#     set_property needs_save false [current_wave_config]
#   } else {
#      send_msg_id Add_Wave-1 WARNING "No top level signals found. Simulator will start without a wave window. If you want to open a wave window go to 'File->New Waveform Configuration' or type 'create_wave_config' in the TCL console."
#   }
# }
WARNING: [Wavedata 42-489] Can't add object "/blur_tb/data1" to the wave window because it has 4096008 bits, which exceeds the display limit of 65536 bits.  To change the display limit, use the command "set_property display_limit <new limit> [current_wave_config]".
WARNING: [Wavedata 42-489] Can't add object "/blur_tb/data2" to the wave window because it has 4096008 bits, which exceeds the display limit of 65536 bits.  To change the display limit, use the command "set_property display_limit <new limit> [current_wave_config]".
WARNING: [Wavedata 42-489] Can't add object "/blur_tb/data3" to the wave window because it has 4096008 bits, which exceeds the display limit of 65536 bits.  To change the display limit, use the command "set_property display_limit <new limit> [current_wave_config]".
WARNING: [Wavedata 42-489] Can't add object "/blur_tb/data4" to the wave window because it has 4096008 bits, which exceeds the display limit of 65536 bits.  To change the display limit, use the command "set_property display_limit <new limit> [current_wave_config]".
WARNING: [Wavedata 42-489] Can't add object "/blur_tb/data5" to the wave window because it has 4096008 bits, which exceeds the display limit of 65536 bits.  To change the display limit, use the command "set_property display_limit <new limit> [current_wave_config]".
WARNING: [Wavedata 42-489] Can't add object "/blur_tb/data6" to the wave window because it has 4096008 bits, which exceeds the display limit of 65536 bits.  To change the display limit, use the command "set_property display_limit <new limit> [current_wave_config]".
WARNING: [Wavedata 42-489] Can't add object "/blur_tb/data7" to the wave window because it has 4096008 bits, which exceeds the display limit of 65536 bits.  To change the display limit, use the command "set_property display_limit <new limit> [current_wave_config]".
WARNING: [Wavedata 42-489] Can't add object "/blur_tb/data8" to the wave window because it has 4096008 bits, which exceeds the display limit of 65536 bits.  To change the display limit, use the command "set_property display_limit <new limit> [current_wave_config]".
WARNING: [Wavedata 42-489] Can't add object "/blur_tb/data9" to the wave window because it has 4096008 bits, which exceeds the display limit of 65536 bits.  To change the display limit, use the command "set_property display_limit <new limit> [current_wave_config]".
WARNING: [Wavedata 42-489] Can't add object "/blur_tb/result" to the wave window because it has 40960000 bits, which exceeds the display limit of 65536 bits.  To change the display limit, use the command "set_property display_limit <new limit> [current_wave_config]".
# run 1000ns
WARNING: file D:xixiImage-Processing-masterImage-Processing-masterbmpbmp_gray.bmp could not be opened
WARNING: file D:xixiImage-Processing-masterImage-Processing-masterbmpleft.bmp could not be opened
WARNING: file D:xixiImage-Processing-masterImage-Processing-masterbmpright.bmp could not be opened
WARNING: file D:xixiImage-Processing-masterImage-Processing-masterbmpup.bmp could not be opened
WARNING: file D:xixiImage-Processing-masterImage-Processing-masterbmpdown.bmp could not be opened
WARNING: file D:xixiImage-Processing-masterImage-Processing-masterbmpleftup.bmp could not be opened
WARNING: file D:xixiImage-Processing-masterImage-Processing-masterbmpleftdown.bmp could not be opened
WARNING: file D:xixiImage-Processing-masterImage-Processing-masterbmprightup.bmp could not be opened
WARNING: file D:xixiImage-Processing-masterImage-Processing-masterbmprightdown.bmp could not be opened
          0
Error: Please check file path
$finish called at time : 0 fs : File "D:/xixi/Image-Processing-master/Image-Processing-master/Blurring/Blurring.srcs/sim_1/new/blur_tb.v" Line 88
run: Time (s): cpu = 00:00:06 ; elapsed = 00:00:22 . Memory (MB): peak = 808.789 ; gain = 0.000
xsim: Time (s): cpu = 00:00:15 ; elapsed = 00:00:26 . Memory (MB): peak = 808.789 ; gain = 18.930
INFO: [USF-XSim-96] XSim completed. Design snapshot 'blur_tb_behav' loaded.
INFO: [USF-XSim-97] XSim simulation ran for 1000ns
launch_simulation: Time (s): cpu = 00:00:18 ; elapsed = 00:00:33 . Memory (MB): peak = 808.789 ; gain = 18.930
relaunch_sim
INFO: [Vivado 12-5682] Launching behavioral simulation in 'D:/xixi/Image-Processing-master/Image-Processing-master/Blurring/Blurring.sim/sim_1/behav/xsim'
INFO: [SIM-utils-51] Simulation object is 'sim_1'
INFO: [SIM-utils-54] Inspecting design source files for 'blur_tb' in fileset 'sim_1'...
INFO: [USF-XSim-97] Finding global include files...
INFO: [USF-XSim-98] Fetching design files from 'sim_1'...
INFO: [USF-XSim-2] XSim::Compile design
INFO: [USF-XSim-61] Executing 'COMPILE and ANALYZE' step in 'D:/xixi/Image-Processing-master/Image-Processing-master/Blurring/Blurring.sim/sim_1/behav/xsim'
"xvlog --incr --relax -prj blur_tb_vlog.prj"
INFO: [VRFC 10-2263] Analyzing Verilog file "D:/xixi/Image-Processing-master/Image-Processing-master/Blurring/Blurring.srcs/sources_1/new/blur.v" into library xil_defaultlib
INFO: [VRFC 10-311] analyzing module blur
INFO: [VRFC 10-2263] Analyzing Verilog file "D:/xixi/Image-Processing-master/Image-Processing-master/Blurring/Blurring.srcs/sim_1/new/blur_tb.v" into library xil_defaultlib
INFO: [VRFC 10-311] analyzing module blur_tb
INFO: [USF-XSim-69] 'compile' step finished in '1' seconds
INFO: [Vivado 12-5682] Launching behavioral simulation in 'D:/xixi/Image-Processing-master/Image-Processing-master/Blurring/Blurring.sim/sim_1/behav/xsim'
INFO: [USF-XSim-3] XSim::Elaborate design
INFO: [USF-XSim-61] Executing 'ELABORATE' step in 'D:/xixi/Image-Processing-master/Image-Processing-master/Blurring/Blurring.sim/sim_1/behav/xsim'
Vivado Simulator 2018.3
Copyright 1986-1999, 2001-2018 Xilinx, Inc. All Rights Reserved.
Running: D:/xixi/Vivado18/Vivado/2018.3/bin/unwrapped/win64.o/xelab.exe -wto 358f5351828c47e09b9084c028b72019 --incr --debug typical --relax --mt 2 -L xil_defaultlib -L unisims_ver -L unimacro_ver -L secureip --snapshot blur_tb_behav xil_defaultlib.blur_tb xil_defaultlib.glbl -log elaborate.log 
Using 2 slave threads.
Starting static elaboration
Completed static elaboration
Starting simulation data flow analysis
Completed simulation data flow analysis
Time Resolution for simulation is 1ps
Compiling module xil_defaultlib.blur
Compiling module xil_defaultlib.blur_tb
WARNING: [XSIM 43-3373] "D:/xixi/Image-Processing-master/Image-Processing-master/Blurring/Blurring.srcs/sim_1/new/blur_tb.v" Line 90. System function $fread is used as system task. This system function should have a LHS e.g. x=$fread().
WARNING: [XSIM 43-3373] "D:/xixi/Image-Processing-master/Image-Processing-master/Blurring/Blurring.srcs/sim_1/new/blur_tb.v" Line 93. System function $fread is used as system task. This system function should have a LHS e.g. x=$fread().
WARNING: [XSIM 43-3373] "D:/xixi/Image-Processing-master/Image-Processing-master/Blurring/Blurring.srcs/sim_1/new/blur_tb.v" Line 96. System function $fread is used as system task. This system function should have a LHS e.g. x=$fread().
WARNING: [XSIM 43-3373] "D:/xixi/Image-Processing-master/Image-Processing-master/Blurring/Blurring.srcs/sim_1/new/blur_tb.v" Line 99. System function $fread is used as system task. This system function should have a LHS e.g. x=$fread().
WARNING: [XSIM 43-3373] "D:/xixi/Image-Processing-master/Image-Processing-master/Blurring/Blurring.srcs/sim_1/new/blur_tb.v" Line 102. System function $fread is used as system task. This system function should have a LHS e.g. x=$fread().
WARNING: [XSIM 43-3373] "D:/xixi/Image-Processing-master/Image-Processing-master/Blurring/Blurring.srcs/sim_1/new/blur_tb.v" Line 105. System function $fread is used as system task. This system function should have a LHS e.g. x=$fread().
WARNING: [XSIM 43-3373] "D:/xixi/Image-Processing-master/Image-Processing-master/Blurring/Blurring.srcs/sim_1/new/blur_tb.v" Line 108. System function $fread is used as system task. This system function should have a LHS e.g. x=$fread().
WARNING: [XSIM 43-3373] "D:/xixi/Image-Processing-master/Image-Processing-master/Blurring/Blurring.srcs/sim_1/new/blur_tb.v" Line 111. System function $fread is used as system task. This system function should have a LHS e.g. x=$fread().
WARNING: [XSIM 43-3373] "D:/xixi/Image-Processing-master/Image-Processing-master/Blurring/Blurring.srcs/sim_1/new/blur_tb.v" Line 114. System function $fread is used as system task. This system function should have a LHS e.g. x=$fread().
Compiling module xil_defaultlib.glbl
Built simulation snapshot blur_tb_behav
INFO: [USF-XSim-69] 'elaborate' step finished in '3' seconds
Vivado Simulator 2018.3
Time resolution is 1 ps
     -20000
size -      624054
startpos :          54
width -         520; height -         400
relaunch_sim: Time (s): cpu = 00:00:02 ; elapsed = 00:00:09 . Memory (MB): peak = 808.789 ; gain = 0.000
run all
Result.bmp is generated 

run: Time (s): cpu = 00:00:08 ; elapsed = 00:00:08 . Memory (MB): peak = 808.789 ; gain = 0.000
